This file contains any messages produced by compilers while
running configure, to aid debugging if configure makes a mistake.

It was created by EggLib C++ library configure 2.1.7, which was
generated by GNU Autoconf 2.69.  Invocation command line was

  $ ./configure 

## --------- ##
## Platform. ##
## --------- ##

hostname = cordata
uname -m = x86_64
uname -r = 3.2.0-4-amd64
uname -s = Linux
uname -v = #1 SMP Debian 3.2.51-1

/usr/bin/uname -p = unknown
/bin/uname -X     = unknown

/bin/arch              = unknown
/usr/bin/arch -k       = unknown
/usr/convex/getsysinfo = unknown
/usr/bin/hostinfo      = unknown
/bin/machine           = unknown
/usr/bin/oslevel       = unknown
/bin/universe          = unknown

PATH: /home/gw/bin
PATH: /home/usr/bin
PATH: /home/gw/bin
PATH: /usr/sbin
PATH: /sbin
PATH: /usr/local/bin
PATH: /usr/bin
PATH: /bin
PATH: /usr/local/games
PATH: /usr/games


## ----------- ##
## Core tests. ##
## ----------- ##

configure:2202: checking for ranlib
configure:2218: found /usr/bin/ranlib
configure:2229: result: ranlib
configure:2311: checking for g++
configure:2327: found /usr/bin/g++
configure:2338: result: g++
configure:2365: checking for C++ compiler version
configure:2374: g++ --version >&5
g++ (Debian 4.7.2-5) 4.7.2
Copyright (C) 2012 Free Software Foundation, Inc.
This is free software; see the source for copying conditions.  There is NO
warranty; not even for MERCHANTABILITY or FITNESS FOR A PARTICULAR PURPOSE.

configure:2385: $? = 0
configure:2374: g++ -v >&5
Using built-in specs.
COLLECT_GCC=g++
COLLECT_LTO_WRAPPER=/usr/lib/gcc/x86_64-linux-gnu/4.7/lto-wrapper
Target: x86_64-linux-gnu
Configured with: ../src/configure -v --with-pkgversion='Debian 4.7.2-5' --with-bugurl=file:///usr/share/doc/gcc-4.7/README.Bugs --enable-languages=c,c++,go,fortran,objc,obj-c++ --prefix=/usr --program-suffix=-4.7 --enable-shared --enable-linker-build-id --with-system-zlib --libexecdir=/usr/lib --without-included-gettext --enable-threads=posix --with-gxx-include-dir=/usr/include/c++/4.7 --libdir=/usr/lib --enable-nls --with-sysroot=/ --enable-clocale=gnu --enable-libstdcxx-debug --enable-libstdcxx-time=yes --enable-gnu-unique-object --enable-plugin --enable-objc-gc --with-arch-32=i586 --with-tune=generic --enable-checking=release --build=x86_64-linux-gnu --host=x86_64-linux-gnu --target=x86_64-linux-gnu
Thread model: posix
gcc version 4.7.2 (Debian 4.7.2-5) 
configure:2385: $? = 0
configure:2374: g++ -V >&5
g++: error: unrecognized command line option '-V'
g++: fatal error: no input files
compilation terminated.
configure:2385: $? = 4
configure:2374: g++ -qversion >&5
g++: error: unrecognized command line option '-qversion'
g++: fatal error: no input files
compilation terminated.
configure:2385: $? = 4
configure:2405: checking whether the C++ compiler works
configure:2427: g++    conftest.cpp  >&5
configure:2431: $? = 0
configure:2479: result: yes
configure:2482: checking for C++ compiler default output file name
configure:2484: result: a.out
configure:2490: checking for suffix of executables
configure:2497: g++ -o conftest    conftest.cpp  >&5
configure:2501: $? = 0
configure:2523: result: 
configure:2545: checking whether we are cross compiling
configure:2553: g++ -o conftest    conftest.cpp  >&5
configure:2557: $? = 0
configure:2564: ./conftest
configure:2568: $? = 0
configure:2583: result: no
configure:2588: checking for suffix of object files
configure:2610: g++ -c   conftest.cpp >&5
configure:2614: $? = 0
configure:2635: result: o
configure:2639: checking whether we are using the GNU C++ compiler
configure:2658: g++ -c   conftest.cpp >&5
configure:2658: $? = 0
configure:2667: result: yes
configure:2676: checking whether g++ accepts -g
configure:2696: g++ -c -g  conftest.cpp >&5
configure:2696: $? = 0
configure:2737: result: yes
configure:2808: checking for gcc
configure:2824: found /usr/bin/gcc
configure:2835: result: gcc
configure:3064: checking for C compiler version
configure:3073: gcc --version >&5
gcc (Debian 4.7.2-5) 4.7.2
Copyright (C) 2012 Free Software Foundation, Inc.
This is free software; see the source for copying conditions.  There is NO
warranty; not even for MERCHANTABILITY or FITNESS FOR A PARTICULAR PURPOSE.

configure:3084: $? = 0
configure:3073: gcc -v >&5
Using built-in specs.
COLLECT_GCC=gcc
COLLECT_LTO_WRAPPER=/usr/lib/gcc/x86_64-linux-gnu/4.7/lto-wrapper
Target: x86_64-linux-gnu
Configured with: ../src/configure -v --with-pkgversion='Debian 4.7.2-5' --with-bugurl=file:///usr/share/doc/gcc-4.7/README.Bugs --enable-languages=c,c++,go,fortran,objc,obj-c++ --prefix=/usr --program-suffix=-4.7 --enable-shared --enable-linker-build-id --with-system-zlib --libexecdir=/usr/lib --without-included-gettext --enable-threads=posix --with-gxx-include-dir=/usr/include/c++/4.7 --libdir=/usr/lib --enable-nls --with-sysroot=/ --enable-clocale=gnu --enable-libstdcxx-debug --enable-libstdcxx-time=yes --enable-gnu-unique-object --enable-plugin --enable-objc-gc --with-arch-32=i586 --with-tune=generic --enable-checking=release --build=x86_64-linux-gnu --host=x86_64-linux-gnu --target=x86_64-linux-gnu
Thread model: posix
gcc version 4.7.2 (Debian 4.7.2-5) 
configure:3084: $? = 0
configure:3073: gcc -V >&5
gcc: error: unrecognized command line option '-V'
gcc: fatal error: no input files
compilation terminated.
configure:3084: $? = 4
configure:3073: gcc -qversion >&5
gcc: error: unrecognized command line option '-qversion'
gcc: fatal error: no input files
compilation terminated.
configure:3084: $? = 4
configure:3088: checking whether we are using the GNU C compiler
configure:3107: gcc -c   conftest.c >&5
configure:3107: $? = 0
configure:3116: result: yes
configure:3125: checking whether gcc accepts -g
configure:3145: gcc -c -g  conftest.c >&5
configure:3145: $? = 0
configure:3186: result: yes
configure:3203: checking for gcc option to accept ISO C89
configure:3266: gcc  -c   conftest.c >&5
configure:3266: $? = 0
configure:3279: result: none needed
configure:3302: checking for main in -lbpp-core
configure:3321: gcc -o conftest    conftest.c -lbpp-core   >&5
/usr/bin/ld: cannot find -lbpp-core
collect2: error: ld returned 1 exit status
configure:3321: $? = 1
configure: failed program was:
| /* confdefs.h */
| #define PACKAGE_NAME "EggLib C++ library"
| #define PACKAGE_TARNAME "egglib-cpp"
| #define PACKAGE_VERSION "2.1.7"
| #define PACKAGE_STRING "EggLib C++ library 2.1.7"
| #define PACKAGE_BUGREPORT "demita@gmail.com"
| #define PACKAGE_URL ""
| /* end confdefs.h.  */
| 
| 
| int
| main ()
| {
| return main ();
|   ;
|   return 0;
| }
configure:3330: result: no
configure:3341: checking for main in -lbpp-seq
configure:3360: gcc -o conftest    conftest.c -lbpp-seq   >&5
/usr/bin/ld: cannot find -lbpp-seq
collect2: error: ld returned 1 exit status
configure:3360: $? = 1
configure: failed program was:
| /* confdefs.h */
| #define PACKAGE_NAME "EggLib C++ library"
| #define PACKAGE_TARNAME "egglib-cpp"
| #define PACKAGE_VERSION "2.1.7"
| #define PACKAGE_STRING "EggLib C++ library 2.1.7"
| #define PACKAGE_BUGREPORT "demita@gmail.com"
| #define PACKAGE_URL ""
| /* end confdefs.h.  */
| 
| 
| int
| main ()
| {
| return main ();
|   ;
|   return 0;
| }
configure:3369: result: no
configure:3380: checking for main in -lbpp-popgen
configure:3399: gcc -o conftest    conftest.c -lbpp-popgen   >&5
/usr/bin/ld: cannot find -lbpp-popgen
collect2: error: ld returned 1 exit status
configure:3399: $? = 1
configure: failed program was:
| /* confdefs.h */
| #define PACKAGE_NAME "EggLib C++ library"
| #define PACKAGE_TARNAME "egglib-cpp"
| #define PACKAGE_VERSION "2.1.7"
| #define PACKAGE_STRING "EggLib C++ library 2.1.7"
| #define PACKAGE_BUGREPORT "demita@gmail.com"
| #define PACKAGE_URL ""
| /* end confdefs.h.  */
| 
| 
| int
| main ()
| {
| return main ();
|   ;
|   return 0;
| }
configure:3408: result: no
configure:3424: checking for main in -lgslcblas
configure:3443: gcc -o conftest    conftest.c -lgslcblas   >&5
/usr/bin/ld: cannot find -lgslcblas
collect2: error: ld returned 1 exit status
configure:3443: $? = 1
configure: failed program was:
| /* confdefs.h */
| #define PACKAGE_NAME "EggLib C++ library"
| #define PACKAGE_TARNAME "egglib-cpp"
| #define PACKAGE_VERSION "2.1.7"
| #define PACKAGE_STRING "EggLib C++ library 2.1.7"
| #define PACKAGE_BUGREPORT "demita@gmail.com"
| #define PACKAGE_URL ""
| /* end confdefs.h.  */
| 
| 
| int
| main ()
| {
| return main ();
|   ;
|   return 0;
| }
configure:3452: result: no
configure:3463: checking for main in -lgsl
configure:3482: gcc -o conftest    conftest.c -lgsl   >&5
/usr/bin/ld: cannot find -lgsl
collect2: error: ld returned 1 exit status
configure:3482: $? = 1
configure: failed program was:
| /* confdefs.h */
| #define PACKAGE_NAME "EggLib C++ library"
| #define PACKAGE_TARNAME "egglib-cpp"
| #define PACKAGE_VERSION "2.1.7"
| #define PACKAGE_STRING "EggLib C++ library 2.1.7"
| #define PACKAGE_BUGREPORT "demita@gmail.com"
| #define PACKAGE_URL ""
| /* end confdefs.h.  */
| 
| 
| int
| main ()
| {
| return main ();
|   ;
|   return 0;
| }
configure:3491: result: no
configure:3517: checking how to run the C preprocessor
configure:3548: gcc -E  conftest.c
configure:3548: $? = 0
configure:3562: gcc -E  conftest.c
conftest.c:9:28: fatal error: ac_nonexistent.h: No such file or directory
compilation terminated.
configure:3562: $? = 1
configure: failed program was:
| /* confdefs.h */
| #define PACKAGE_NAME "EggLib C++ library"
| #define PACKAGE_TARNAME "egglib-cpp"
| #define PACKAGE_VERSION "2.1.7"
| #define PACKAGE_STRING "EggLib C++ library 2.1.7"
| #define PACKAGE_BUGREPORT "demita@gmail.com"
| #define PACKAGE_URL ""
| /* end confdefs.h.  */
| #include <ac_nonexistent.h>
configure:3587: result: gcc -E
configure:3607: gcc -E  conftest.c
configure:3607: $? = 0
configure:3621: gcc -E  conftest.c
conftest.c:9:28: fatal error: ac_nonexistent.h: No such file or directory
compilation terminated.
configure:3621: $? = 1
configure: failed program was:
| /* confdefs.h */
| #define PACKAGE_NAME "EggLib C++ library"
| #define PACKAGE_TARNAME "egglib-cpp"
| #define PACKAGE_VERSION "2.1.7"
| #define PACKAGE_STRING "EggLib C++ library 2.1.7"
| #define PACKAGE_BUGREPORT "demita@gmail.com"
| #define PACKAGE_URL ""
| /* end confdefs.h.  */
| #include <ac_nonexistent.h>
configure:3650: checking for grep that handles long lines and -e
configure:3708: result: /bin/grep
configure:3713: checking for egrep
configure:3775: result: /bin/grep -E
configure:3780: checking for ANSI C header files
configure:3800: gcc -c   conftest.c >&5
configure:3800: $? = 0
configure:3873: gcc -o conftest    conftest.c  >&5
configure:3873: $? = 0
configure:3873: ./conftest
configure:3873: $? = 0
configure:3884: result: yes
configure:3897: checking for sys/types.h
configure:3897: gcc -c   conftest.c >&5
configure:3897: $? = 0
configure:3897: result: yes
configure:3897: checking for sys/stat.h
configure:3897: gcc -c   conftest.c >&5
configure:3897: $? = 0
configure:3897: result: yes
configure:3897: checking for stdlib.h
configure:3897: gcc -c   conftest.c >&5
configure:3897: $? = 0
configure:3897: result: yes
configure:3897: checking for string.h
configure:3897: gcc -c   conftest.c >&5
configure:3897: $? = 0
configure:3897: result: yes
configure:3897: checking for memory.h
configure:3897: gcc -c   conftest.c >&5
configure:3897: $? = 0
configure:3897: result: yes
configure:3897: checking for strings.h
configure:3897: gcc -c   conftest.c >&5
configure:3897: $? = 0
configure:3897: result: yes
configure:3897: checking for inttypes.h
configure:3897: gcc -c   conftest.c >&5
configure:3897: $? = 0
configure:3897: result: yes
configure:3897: checking for stdint.h
configure:3897: gcc -c   conftest.c >&5
configure:3897: $? = 0
configure:3897: result: yes
configure:3897: checking for unistd.h
configure:3897: gcc -c   conftest.c >&5
configure:3897: $? = 0
configure:3897: result: yes
configure:3909: checking for stdbool.h that conforms to C99
configure:3976: gcc -c   conftest.c >&5
configure:3976: $? = 0
configure:3983: result: yes
configure:3985: checking for _Bool
configure:3985: gcc -c   conftest.c >&5
configure:3985: $? = 0
configure:3985: gcc -c   conftest.c >&5
conftest.c: In function 'main':
conftest.c:55:20: error: expected expression before ')' token
configure:3985: $? = 1
configure: failed program was:
| /* confdefs.h */
| #define PACKAGE_NAME "EggLib C++ library"
| #define PACKAGE_TARNAME "egglib-cpp"
| #define PACKAGE_VERSION "2.1.7"
| #define PACKAGE_STRING "EggLib C++ library 2.1.7"
| #define PACKAGE_BUGREPORT "demita@gmail.com"
| #define PACKAGE_URL ""
| #define STDC_HEADERS 1
| #define HAVE_SYS_TYPES_H 1
| #define HAVE_SYS_STAT_H 1
| #define HAVE_STDLIB_H 1
| #define HAVE_STRING_H 1
| #define HAVE_MEMORY_H 1
| #define HAVE_STRINGS_H 1
| #define HAVE_INTTYPES_H 1
| #define HAVE_STDINT_H 1
| #define HAVE_UNISTD_H 1
| /* end confdefs.h.  */
| #include <stdio.h>
| #ifdef HAVE_SYS_TYPES_H
| # include <sys/types.h>
| #endif
| #ifdef HAVE_SYS_STAT_H
| # include <sys/stat.h>
| #endif
| #ifdef STDC_HEADERS
| # include <stdlib.h>
| # include <stddef.h>
| #else
| # ifdef HAVE_STDLIB_H
| #  include <stdlib.h>
| # endif
| #endif
| #ifdef HAVE_STRING_H
| # if !defined STDC_HEADERS && defined HAVE_MEMORY_H
| #  include <memory.h>
| # endif
| # include <string.h>
| #endif
| #ifdef HAVE_STRINGS_H
| # include <strings.h>
| #endif
| #ifdef HAVE_INTTYPES_H
| # include <inttypes.h>
| #endif
| #ifdef HAVE_STDINT_H
| # include <stdint.h>
| #endif
| #ifdef HAVE_UNISTD_H
| # include <unistd.h>
| #endif
| int
| main ()
| {
| if (sizeof ((_Bool)))
| 	    return 0;
|   ;
|   return 0;
| }
configure:3985: result: yes
configure:4002: checking for inline
configure:4018: gcc -c   conftest.c >&5
configure:4018: $? = 0
configure:4026: result: inline
configure:4050: checking for sqrt
configure:4050: gcc -o conftest    conftest.c  >&5
conftest.c:44:6: warning: conflicting types for built-in function 'sqrt' [enabled by default]
/tmp/ccMSXtiO.o: In function `main':
conftest.c:(.text+0xa): undefined reference to `sqrt'
collect2: error: ld returned 1 exit status
configure:4050: $? = 1
configure: failed program was:
| /* confdefs.h */
| #define PACKAGE_NAME "EggLib C++ library"
| #define PACKAGE_TARNAME "egglib-cpp"
| #define PACKAGE_VERSION "2.1.7"
| #define PACKAGE_STRING "EggLib C++ library 2.1.7"
| #define PACKAGE_BUGREPORT "demita@gmail.com"
| #define PACKAGE_URL ""
| #define STDC_HEADERS 1
| #define HAVE_SYS_TYPES_H 1
| #define HAVE_SYS_STAT_H 1
| #define HAVE_STDLIB_H 1
| #define HAVE_STRING_H 1
| #define HAVE_MEMORY_H 1
| #define HAVE_STRINGS_H 1
| #define HAVE_INTTYPES_H 1
| #define HAVE_STDINT_H 1
| #define HAVE_UNISTD_H 1
| #define HAVE__BOOL 1
| #define HAVE_STDBOOL_H 1
| /* end confdefs.h.  */
| /* Define sqrt to an innocuous variant, in case <limits.h> declares sqrt.
|    For example, HP-UX 11i <limits.h> declares gettimeofday.  */
| #define sqrt innocuous_sqrt
| 
| /* System header to define __stub macros and hopefully few prototypes,
|     which can conflict with char sqrt (); below.
|     Prefer <limits.h> to <assert.h> if __STDC__ is defined, since
|     <limits.h> exists even on freestanding compilers.  */
| 
| #ifdef __STDC__
| # include <limits.h>
| #else
| # include <assert.h>
| #endif
| 
| #undef sqrt
| 
| /* Override any GCC internal prototype to avoid an error.
|    Use char because int might match the return type of a GCC
|    builtin and then its argument prototype would still apply.  */
| #ifdef __cplusplus
| extern "C"
| #endif
| char sqrt ();
| /* The GNU C library defines this for functions which it implements
|     to always fail with ENOSYS.  Some functions are actually named
|     something starting with __ and the normal name is an alias.  */
| #if defined __stub_sqrt || defined __stub___sqrt
| choke me
| #endif
| 
| int
| main ()
| {
| return sqrt ();
|   ;
|   return 0;
| }
configure:4050: result: no
configure:4059: checking for size_t
configure:4059: gcc -c   conftest.c >&5
configure:4059: $? = 0
configure:4059: gcc -c   conftest.c >&5
conftest.c: In function 'main':
conftest.c:57:21: error: expected expression before ')' token
configure:4059: $? = 1
configure: failed program was:
| /* confdefs.h */
| #define PACKAGE_NAME "EggLib C++ library"
| #define PACKAGE_TARNAME "egglib-cpp"
| #define PACKAGE_VERSION "2.1.7"
| #define PACKAGE_STRING "EggLib C++ library 2.1.7"
| #define PACKAGE_BUGREPORT "demita@gmail.com"
| #define PACKAGE_URL ""
| #define STDC_HEADERS 1
| #define HAVE_SYS_TYPES_H 1
| #define HAVE_SYS_STAT_H 1
| #define HAVE_STDLIB_H 1
| #define HAVE_STRING_H 1
| #define HAVE_MEMORY_H 1
| #define HAVE_STRINGS_H 1
| #define HAVE_INTTYPES_H 1
| #define HAVE_STDINT_H 1
| #define HAVE_UNISTD_H 1
| #define HAVE__BOOL 1
| #define HAVE_STDBOOL_H 1
| /* end confdefs.h.  */
| #include <stdio.h>
| #ifdef HAVE_SYS_TYPES_H
| # include <sys/types.h>
| #endif
| #ifdef HAVE_SYS_STAT_H
| # include <sys/stat.h>
| #endif
| #ifdef STDC_HEADERS
| # include <stdlib.h>
| # include <stddef.h>
| #else
| # ifdef HAVE_STDLIB_H
| #  include <stdlib.h>
| # endif
| #endif
| #ifdef HAVE_STRING_H
| # if !defined STDC_HEADERS && defined HAVE_MEMORY_H
| #  include <memory.h>
| # endif
| # include <string.h>
| #endif
| #ifdef HAVE_STRINGS_H
| # include <strings.h>
| #endif
| #ifdef HAVE_INTTYPES_H
| # include <inttypes.h>
| #endif
| #ifdef HAVE_STDINT_H
| # include <stdint.h>
| #endif
| #ifdef HAVE_UNISTD_H
| # include <unistd.h>
| #endif
| int
| main ()
| {
| if (sizeof ((size_t)))
| 	    return 0;
|   ;
|   return 0;
| }
configure:4059: result: yes
configure:4116: checking for a BSD-compatible install
configure:4184: result: /usr/bin/install -c
configure:4195: checking whether build environment is sane
configure:4250: result: yes
configure:4401: checking for a thread-safe mkdir -p
configure:4440: result: /bin/mkdir -p
configure:4447: checking for gawk
configure:4477: result: no
configure:4447: checking for mawk
configure:4463: found /usr/bin/mawk
configure:4474: result: mawk
configure:4485: checking whether make sets $(MAKE)
configure:4507: result: yes
configure:4537: checking for style of include used by make
configure:4565: result: GNU
configure:4657: checking dependency style of gcc
configure:4768: result: gcc3
configure:4785: checking dependency style of g++
configure:4896: result: gcc3
configure:5031: checking that generated files are newer than configure
configure:5037: result: done
configure:5064: creating ./config.status

## ---------------------- ##
## Running config.status. ##
## ---------------------- ##

This file was extended by EggLib C++ library config.status 2.1.7, which was
generated by GNU Autoconf 2.69.  Invocation command line was

  CONFIG_FILES    = 
  CONFIG_HEADERS  = 
  CONFIG_LINKS    = 
  CONFIG_COMMANDS = 
  $ ./config.status 

on cordata

config.status:861: creating Makefile
config.status:861: creating config.h
config.status:1042: config.h is unchanged
config.status:1090: executing depfiles commands

## ---------------- ##
## Cache variables. ##
## ---------------- ##

ac_cv_c_compiler_gnu=yes
ac_cv_c_inline=inline
ac_cv_cxx_compiler_gnu=yes
ac_cv_env_CCC_set=
ac_cv_env_CCC_value=
ac_cv_env_CC_set=
ac_cv_env_CC_value=
ac_cv_env_CFLAGS_set=
ac_cv_env_CFLAGS_value=
ac_cv_env_CPPFLAGS_set=
ac_cv_env_CPPFLAGS_value=
ac_cv_env_CPP_set=
ac_cv_env_CPP_value=
ac_cv_env_CXXFLAGS_set=
ac_cv_env_CXXFLAGS_value=
ac_cv_env_CXX_set=
ac_cv_env_CXX_value=
ac_cv_env_LDFLAGS_set=
ac_cv_env_LDFLAGS_value=
ac_cv_env_LIBS_set=
ac_cv_env_LIBS_value=
ac_cv_env_build_alias_set=
ac_cv_env_build_alias_value=
ac_cv_env_host_alias_set=
ac_cv_env_host_alias_value=
ac_cv_env_target_alias_set=
ac_cv_env_target_alias_value=
ac_cv_func_sqrt=no
ac_cv_header_inttypes_h=yes
ac_cv_header_memory_h=yes
ac_cv_header_stdbool_h=yes
ac_cv_header_stdc=yes
ac_cv_header_stdint_h=yes
ac_cv_header_stdlib_h=yes
ac_cv_header_string_h=yes
ac_cv_header_strings_h=yes
ac_cv_header_sys_stat_h=yes
ac_cv_header_sys_types_h=yes
ac_cv_header_unistd_h=yes
ac_cv_lib_bpp_core_main=no
ac_cv_lib_bpp_popgen_main=no
ac_cv_lib_bpp_seq_main=no
ac_cv_lib_gsl_main=no
ac_cv_lib_gslcblas_main=no
ac_cv_objext=o
ac_cv_path_EGREP='/bin/grep -E'
ac_cv_path_GREP=/bin/grep
ac_cv_path_install='/usr/bin/install -c'
ac_cv_path_mkdir=/bin/mkdir
ac_cv_prog_AWK=mawk
ac_cv_prog_CPP='gcc -E'
ac_cv_prog_ac_ct_CC=gcc
ac_cv_prog_ac_ct_CXX=g++
ac_cv_prog_ac_ct_RANLIB=ranlib
ac_cv_prog_cc_c89=
ac_cv_prog_cc_g=yes
ac_cv_prog_cxx_g=yes
ac_cv_prog_make_make_set=yes
ac_cv_type__Bool=yes
ac_cv_type_size_t=yes
am_cv_CC_dependencies_compiler_type=gcc3
am_cv_CXX_dependencies_compiler_type=gcc3

## ----------------- ##
## Output variables. ##
## ----------------- ##

ACLOCAL='${SHELL} /home/gw/SVN/cstatgen/src/egglib/egglib-cpp/missing --run aclocal-1.12'
AMDEPBACKSLASH='\'
AMDEP_FALSE='#'
AMDEP_TRUE=''
AMTAR='$${TAR-tar}'
AUTOCONF='${SHELL} /home/gw/SVN/cstatgen/src/egglib/egglib-cpp/missing --run autoconf'
AUTOHEADER='${SHELL} /home/gw/SVN/cstatgen/src/egglib/egglib-cpp/missing --run autoheader'
AUTOMAKE='${SHELL} /home/gw/SVN/cstatgen/src/egglib/egglib-cpp/missing --run automake-1.12'
AWK='mawk'
BPP_AVAILABLE_FALSE=''
BPP_AVAILABLE_TRUE='#'
CC='gcc'
CCDEPMODE='depmode=gcc3'
CFLAGS=''
CPP='gcc -E'
CPPFLAGS=''
CXX='g++'
CXXDEPMODE='depmode=gcc3'
CXXFLAGS=''
CYGPATH_W='echo'
DEFS='-DHAVE_CONFIG_H'
DEPDIR='.deps'
ECHO_C=''
ECHO_N='-n'
ECHO_T=''
EGREP='/bin/grep -E'
EXEEXT=''
GREP='/bin/grep'
GSL_AVAILABLE_FALSE=''
GSL_AVAILABLE_TRUE='#'
INSTALL_DATA='${INSTALL} -m 644'
INSTALL_PROGRAM='${INSTALL}'
INSTALL_SCRIPT='${INSTALL}'
INSTALL_STRIP_PROGRAM='$(install_sh) -c -s'
LDFLAGS=''
LIBOBJS=''
LIBS=''
LTLIBOBJS=''
MAKEINFO='${SHELL} /home/gw/SVN/cstatgen/src/egglib/egglib-cpp/missing --run makeinfo'
MKDIR_P='/bin/mkdir -p'
OBJEXT='o'
PACKAGE='egglib-cpp'
PACKAGE_BUGREPORT='demita@gmail.com'
PACKAGE_NAME='EggLib C++ library'
PACKAGE_STRING='EggLib C++ library 2.1.7'
PACKAGE_TARNAME='egglib-cpp'
PACKAGE_URL=''
PACKAGE_VERSION='2.1.7'
PATH_SEPARATOR=':'
RANLIB='ranlib'
SET_MAKE=''
SHELL='/bin/bash'
STRIP=''
VERSION='2.1.7'
ac_ct_CC='gcc'
ac_ct_CXX='g++'
am__EXEEXT_FALSE=''
am__EXEEXT_TRUE='#'
am__fastdepCC_FALSE='#'
am__fastdepCC_TRUE=''
am__fastdepCXX_FALSE='#'
am__fastdepCXX_TRUE=''
am__include='include'
am__isrc=''
am__leading_dot='.'
am__nodep='_no'
am__quote=''
am__tar='$${TAR-tar} chof - "$$tardir"'
am__untar='$${TAR-tar} xf -'
bindir='${exec_prefix}/bin'
build_alias=''
datadir='${datarootdir}'
datarootdir='${prefix}/share'
docdir='${datarootdir}/doc/${PACKAGE_TARNAME}'
dvidir='${docdir}'
exec_prefix='${prefix}'
host_alias=''
htmldir='${docdir}'
includedir='${prefix}/include'
infodir='${datarootdir}/info'
install_sh='${SHELL} /home/gw/SVN/cstatgen/src/egglib/egglib-cpp/install-sh'
libdir='${exec_prefix}/lib'
libexecdir='${exec_prefix}/libexec'
localedir='${datarootdir}/locale'
localstatedir='${prefix}/var'
mandir='${datarootdir}/man'
mkdir_p='$(MKDIR_P)'
oldincludedir='/usr/include'
pdfdir='${docdir}'
prefix='/usr/local'
program_transform_name='s,x,x,'
psdir='${docdir}'
sbindir='${exec_prefix}/sbin'
sharedstatedir='${prefix}/com'
sysconfdir='${prefix}/etc'
target_alias=''

## ----------- ##
## confdefs.h. ##
## ----------- ##

/* confdefs.h */
#define PACKAGE_NAME "EggLib C++ library"
#define PACKAGE_TARNAME "egglib-cpp"
#define PACKAGE_VERSION "2.1.7"
#define PACKAGE_STRING "EggLib C++ library 2.1.7"
#define PACKAGE_BUGREPORT "demita@gmail.com"
#define PACKAGE_URL ""
#define STDC_HEADERS 1
#define HAVE_SYS_TYPES_H 1
#define HAVE_SYS_STAT_H 1
#define HAVE_STDLIB_H 1
#define HAVE_STRING_H 1
#define HAVE_MEMORY_H 1
#define HAVE_STRINGS_H 1
#define HAVE_INTTYPES_H 1
#define HAVE_STDINT_H 1
#define HAVE_UNISTD_H 1
#define HAVE__BOOL 1
#define HAVE_STDBOOL_H 1
#define PACKAGE "egglib-cpp"
#define VERSION "2.1.7"

configure: exit 0
